<?xml version="1.0" encoding="UTF-8"?>
<!-- Generated by org.testng.reporters.JUnitReportReporter -->
<testsuite hostname="GauravAhuja" failures="0" tests="3" name="TestPackage.LoginPage" time="21.557" errors="0" timestamp="2023-06-27T06:33:50 IST" skipped="0">
  <testcase classname="TestPackage.LoginPage" name="orangeUrl" time="15.826"/>
  <system-out/>
  <testcase classname="TestPackage.LoginPage" name="loginDataprovider" time="3.152"/>
  <system-out/>
  <testcase classname="TestPackage.LoginPage" name="loginDataprovider" time="2.579"/>
  <system-out/>
</testsuite> <!-- TestPackage.LoginPage -->
