<?xml version="1.0" encoding="UTF-8"?>
<!-- Generated by org.testng.reporters.JUnitReportReporter -->
<testsuite hostname="GauravAhuja" failures="0" tests="1" name="TestPackage.LoginPage1" time="23.880" errors="0" timestamp="2023-06-26T09:02:29 IST" skipped="0">
  <testcase classname="TestPackage.LoginPage1" name="orangeTitle" time="23.880"/>
  <system-out/>
</testsuite> <!-- TestPackage.LoginPage1 -->
