<?xml version="1.0" encoding="UTF-8"?>
<!-- Generated by org.testng.reporters.JUnitReportReporter -->
<testsuite hostname="GauravAhuja" failures="0" tests="3" name="TestPackage.LoginPage" time="21.071" errors="0" timestamp="2023-06-27T07:10:47 IST" skipped="0">
  <testcase classname="TestPackage.LoginPage" name="orangeUrl" time="15.430"/>
  <system-out/>
  <testcase classname="TestPackage.LoginPage" name="loginDataprovider" time="2.599"/>
  <system-out/>
  <testcase classname="TestPackage.LoginPage" name="loginDataprovider" time="3.042"/>
  <system-out/>
</testsuite> <!-- TestPackage.LoginPage -->
